<?xml version="1.0" encoding="UTF-8"?>
<!-- Generated by org.testng.reporters.JUnitReportReporter -->
<testsuite hostname="DESKTOP-ERVCQO4" failures="0" tests="1" name="com.framework.TestRunner.TestRunner" time="5.673" errors="0" timestamp="2021-08-01T07:54:07 EDT" skipped="0">
  <testcase classname="com.framework.TestRunner.TestRunner" name="feature" time="5.673"/>
  <system-out/>
</testsuite> <!-- com.framework.TestRunner.TestRunner -->
