<?xml version="1.0" encoding="UTF-8"?>
<!-- Generated by org.testng.reporters.JUnitReportReporter -->
<testsuite hostname="DESKTOP-ERVCQO4" failures="0" tests="1" name="com.framework.TestRunner.TestRunner" time="4.824" errors="0" timestamp="2021-07-29T14:07:35 EDT" skipped="0">
  <testcase classname="com.framework.TestRunner.TestRunner" name="feature" time="4.824"/>
  <system-out/>
</testsuite> <!-- com.framework.TestRunner.TestRunner -->
